<?xml version="1.0" encoding="UTF-8"?>
<testsuite xmlns:xsi="http://www.w3.org/2001/XMLSchema-instance" xsi:noNamespaceSchemaLocation="https://maven.apache.org/surefire/maven-surefire-plugin/xsd/surefire-test-report-3.0.xsd" version="3.0" name="TestSuite" time="8.594" tests="4" errors="0" skipped="0" failures="0">
  <properties>
    <property name="java.specification.version" value="20"/>
    <property name="sun.cpu.isalist" value="amd64"/>
    <property name="sun.jnu.encoding" value="Cp1252"/>
    <property name="java.class.path" value="C:\Users\pravi\eclipse-workspace\Project_learn\target\test-classes;C:\Users\pravi\eclipse-workspace\Project_learn\target\classes;C:\Users\pravi\.m2\repository\io\rest-assured\rest-assured\5.3.1\rest-assured-5.3.1.jar;C:\Users\pravi\.m2\repository\org\apache\groovy\groovy\4.0.11\groovy-4.0.11.jar;C:\Users\pravi\.m2\repository\org\apache\groovy\groovy-xml\4.0.11\groovy-xml-4.0.11.jar;C:\Users\pravi\.m2\repository\org\apache\httpcomponents\httpclient\4.5.13\httpclient-4.5.13.jar;C:\Users\pravi\.m2\repository\org\apache\httpcomponents\httpcore\4.4.13\httpcore-4.4.13.jar;C:\Users\pravi\.m2\repository\commons-logging\commons-logging\1.2\commons-logging-1.2.jar;C:\Users\pravi\.m2\repository\commons-codec\commons-codec\1.11\commons-codec-1.11.jar;C:\Users\pravi\.m2\repository\org\apache\httpcomponents\httpmime\4.5.13\httpmime-4.5.13.jar;C:\Users\pravi\.m2\repository\org\hamcrest\hamcrest\2.2\hamcrest-2.2.jar;C:\Users\pravi\.m2\repository\org\ccil\cowan\tagsoup\tagsoup\1.2.1\tagsoup-1.2.1.jar;C:\Users\pravi\.m2\repository\io\rest-assured\json-path\5.3.1\json-path-5.3.1.jar;C:\Users\pravi\.m2\repository\org\apache\groovy\groovy-json\4.0.11\groovy-json-4.0.11.jar;C:\Users\pravi\.m2\repository\io\rest-assured\rest-assured-common\5.3.1\rest-assured-common-5.3.1.jar;C:\Users\pravi\.m2\repository\io\rest-assured\xml-path\5.3.1\xml-path-5.3.1.jar;C:\Users\pravi\.m2\repository\org\apache\commons\commons-lang3\3.11\commons-lang3-3.11.jar;C:\Users\pravi\.m2\repository\com\googlecode\json-simple\json-simple\1.1.1\json-simple-1.1.1.jar;C:\Users\pravi\.m2\repository\junit\junit\4.10\junit-4.10.jar;C:\Users\pravi\.m2\repository\org\hamcrest\hamcrest-core\1.1\hamcrest-core-1.1.jar;C:\Users\pravi\.m2\repository\org\testng\testng\7.7.1\testng-7.7.1.jar;C:\Users\pravi\.m2\repository\org\slf4j\slf4j-api\1.7.36\slf4j-api-1.7.36.jar;C:\Users\pravi\.m2\repository\com\beust\jcommander\1.82\jcommander-1.82.jar;C:\Users\pravi\.m2\repository\org\webjars\jquery\3.6.1\jquery-3.6.1.jar;C:\Users\pravi\.m2\repository\com\fasterxml\jackson\core\jackson-databind\2.15.2\jackson-databind-2.15.2.jar;C:\Users\pravi\.m2\repository\com\fasterxml\jackson\core\jackson-core\2.15.2\jackson-core-2.15.2.jar;C:\Users\pravi\.m2\repository\com\fasterxml\jackson\core\jackson-annotations\2.15.2\jackson-annotations-2.15.2.jar;C:\Users\pravi\.m2\repository\com\google\code\gson\gson\2.10.1\gson-2.10.1.jar;C:\Users\pravi\.m2\repository\io\qameta\allure\allure-testng\2.23.0\allure-testng-2.23.0.jar;C:\Users\pravi\.m2\repository\io\qameta\allure\allure-java-commons\2.23.0\allure-java-commons-2.23.0.jar;C:\Users\pravi\.m2\repository\io\qameta\allure\allure-model\2.23.0\allure-model-2.23.0.jar;C:\Users\pravi\.m2\repository\io\qameta\allure\allure-test-filter\2.23.0\allure-test-filter-2.23.0.jar;C:\Users\pravi\.m2\repository\io\qameta\allure\allure-rest-assured\2.23.0\allure-rest-assured-2.23.0.jar;C:\Users\pravi\.m2\repository\io\qameta\allure\allure-attachments\2.23.0\allure-attachments-2.23.0.jar;C:\Users\pravi\.m2\repository\org\freemarker\freemarker\2.3.31\freemarker-2.3.31.jar;"/>
    <property name="java.vm.vendor" value="Oracle Corporation"/>
    <property name="sun.arch.data.model" value="64"/>
    <property name="user.variant" value=""/>
    <property name="java.vendor.url" value="https://java.oracle.com/"/>
    <property name="user.timezone" value="Asia/Calcutta"/>
    <property name="os.name" value="Windows 11"/>
    <property name="java.vm.specification.version" value="20"/>
    <property name="sun.java.launcher" value="SUN_STANDARD"/>
    <property name="user.country" value="IN"/>
    <property name="sun.boot.library.path" value="C:\Program Files\Java\jdk-20\bin"/>
    <property name="sun.java.command" value="C:\Users\pravi\AppData\Local\Temp\surefire13039914142365096478\surefirebooter-20230819212625677_3.jar C:\Users\pravi\AppData\Local\Temp\surefire13039914142365096478 2023-08-19T21-26-25_486-jvmRun1 surefire-20230819212625677_1tmp surefire_0-20230819212625677_2tmp"/>
    <property name="jdk.debug" value="release"/>
    <property name="surefire.test.class.path" value="C:\Users\pravi\eclipse-workspace\Project_learn\target\test-classes;C:\Users\pravi\eclipse-workspace\Project_learn\target\classes;C:\Users\pravi\.m2\repository\io\rest-assured\rest-assured\5.3.1\rest-assured-5.3.1.jar;C:\Users\pravi\.m2\repository\org\apache\groovy\groovy\4.0.11\groovy-4.0.11.jar;C:\Users\pravi\.m2\repository\org\apache\groovy\groovy-xml\4.0.11\groovy-xml-4.0.11.jar;C:\Users\pravi\.m2\repository\org\apache\httpcomponents\httpclient\4.5.13\httpclient-4.5.13.jar;C:\Users\pravi\.m2\repository\org\apache\httpcomponents\httpcore\4.4.13\httpcore-4.4.13.jar;C:\Users\pravi\.m2\repository\commons-logging\commons-logging\1.2\commons-logging-1.2.jar;C:\Users\pravi\.m2\repository\commons-codec\commons-codec\1.11\commons-codec-1.11.jar;C:\Users\pravi\.m2\repository\org\apache\httpcomponents\httpmime\4.5.13\httpmime-4.5.13.jar;C:\Users\pravi\.m2\repository\org\hamcrest\hamcrest\2.2\hamcrest-2.2.jar;C:\Users\pravi\.m2\repository\org\ccil\cowan\tagsoup\tagsoup\1.2.1\tagsoup-1.2.1.jar;C:\Users\pravi\.m2\repository\io\rest-assured\json-path\5.3.1\json-path-5.3.1.jar;C:\Users\pravi\.m2\repository\org\apache\groovy\groovy-json\4.0.11\groovy-json-4.0.11.jar;C:\Users\pravi\.m2\repository\io\rest-assured\rest-assured-common\5.3.1\rest-assured-common-5.3.1.jar;C:\Users\pravi\.m2\repository\io\rest-assured\xml-path\5.3.1\xml-path-5.3.1.jar;C:\Users\pravi\.m2\repository\org\apache\commons\commons-lang3\3.11\commons-lang3-3.11.jar;C:\Users\pravi\.m2\repository\com\googlecode\json-simple\json-simple\1.1.1\json-simple-1.1.1.jar;C:\Users\pravi\.m2\repository\junit\junit\4.10\junit-4.10.jar;C:\Users\pravi\.m2\repository\org\hamcrest\hamcrest-core\1.1\hamcrest-core-1.1.jar;C:\Users\pravi\.m2\repository\org\testng\testng\7.7.1\testng-7.7.1.jar;C:\Users\pravi\.m2\repository\org\slf4j\slf4j-api\1.7.36\slf4j-api-1.7.36.jar;C:\Users\pravi\.m2\repository\com\beust\jcommander\1.82\jcommander-1.82.jar;C:\Users\pravi\.m2\repository\org\webjars\jquery\3.6.1\jquery-3.6.1.jar;C:\Users\pravi\.m2\repository\com\fasterxml\jackson\core\jackson-databind\2.15.2\jackson-databind-2.15.2.jar;C:\Users\pravi\.m2\repository\com\fasterxml\jackson\core\jackson-core\2.15.2\jackson-core-2.15.2.jar;C:\Users\pravi\.m2\repository\com\fasterxml\jackson\core\jackson-annotations\2.15.2\jackson-annotations-2.15.2.jar;C:\Users\pravi\.m2\repository\com\google\code\gson\gson\2.10.1\gson-2.10.1.jar;C:\Users\pravi\.m2\repository\io\qameta\allure\allure-testng\2.23.0\allure-testng-2.23.0.jar;C:\Users\pravi\.m2\repository\io\qameta\allure\allure-java-commons\2.23.0\allure-java-commons-2.23.0.jar;C:\Users\pravi\.m2\repository\io\qameta\allure\allure-model\2.23.0\allure-model-2.23.0.jar;C:\Users\pravi\.m2\repository\io\qameta\allure\allure-test-filter\2.23.0\allure-test-filter-2.23.0.jar;C:\Users\pravi\.m2\repository\io\qameta\allure\allure-rest-assured\2.23.0\allure-rest-assured-2.23.0.jar;C:\Users\pravi\.m2\repository\io\qameta\allure\allure-attachments\2.23.0\allure-attachments-2.23.0.jar;C:\Users\pravi\.m2\repository\org\freemarker\freemarker\2.3.31\freemarker-2.3.31.jar;"/>
    <property name="sun.cpu.endian" value="little"/>
    <property name="user.home" value="C:\Users\pravi"/>
    <property name="user.language" value="en"/>
    <property name="java.specification.vendor" value="Oracle Corporation"/>
    <property name="java.version.date" value="2023-07-18"/>
    <property name="java.home" value="C:\Program Files\Java\jdk-20"/>
    <property name="file.separator" value="\"/>
    <property name="basedir" value="C:\Users\pravi\eclipse-workspace\Project_learn"/>
    <property name="style.color" value="always"/>
    <property name="java.vm.compressedOopsMode" value="Zero based"/>
    <property name="line.separator" value="&#10;"/>
    <property name="java.vm.specification.vendor" value="Oracle Corporation"/>
    <property name="java.specification.name" value="Java Platform API Specification"/>
    <property name="surefire.real.class.path" value="C:\Users\pravi\AppData\Local\Temp\surefire13039914142365096478\surefirebooter-20230819212625677_3.jar"/>
    <property name="user.script" value=""/>
    <property name="sun.management.compiler" value="HotSpot 64-Bit Tiered Compilers"/>
    <property name="java.runtime.version" value="20.0.2+9-78"/>
    <property name="user.name" value="pravi"/>
    <property name="stdout.encoding" value="Cp1252"/>
    <property name="path.separator" value=";"/>
    <property name="os.version" value="10.0"/>
    <property name="java.runtime.name" value="Java(TM) SE Runtime Environment"/>
    <property name="file.encoding" value="UTF-8"/>
    <property name="java.vm.name" value="Java HotSpot(TM) 64-Bit Server VM"/>
    <property name="localRepository" value="C:\Users\pravi\.m2\repository"/>
    <property name="java.vendor.url.bug" value="https://bugreport.java.com/bugreport/"/>
    <property name="java.io.tmpdir" value="C:\Users\pravi\AppData\Local\Temp\"/>
    <property name="java.version" value="20.0.2"/>
    <property name="user.dir" value="C:\Users\pravi\eclipse-workspace\Project_learn"/>
    <property name="os.arch" value="amd64"/>
    <property name="java.vm.specification.name" value="Java Virtual Machine Specification"/>
    <property name="sun.os.patch.level" value=""/>
    <property name="native.encoding" value="Cp1252"/>
    <property name="java.library.path" value="C:\Program Files\Java\jdk-20\bin;C:\windows\Sun\Java\bin;C:\windows\system32;C:\windows;C:\Program Files\Common Files\Oracle\Java\javapath;C:\windows\system32;C:\windows;C:\windows\System32\Wbem;C:\windows\System32\WindowsPowerShell\v1.0\;C:\windows\System32\OpenSSH\;C:\Program Files\Git\cmd;C:\Program Files\Java\jdk-18.0.2\bin;C:\Program Files\apache-maven-3.9.4\bin;C:\Users\pravi\scoop\shims;C:\Users\pravi\AppData\Local\Microsoft\WindowsApps;;."/>
    <property name="java.vm.info" value="mixed mode, sharing"/>
    <property name="stderr.encoding" value="Cp1252"/>
    <property name="java.vendor" value="Oracle Corporation"/>
    <property name="java.vm.version" value="20.0.2+9-78"/>
    <property name="sun.io.unicode.encoding" value="UnicodeLittle"/>
    <property name="java.class.version" value="64.0"/>
  </properties>
  <testcase name="CreatePlaylist" classname="com.spotify.test.PLAYLIST_REUSABLE_CALL" time="5.755">
    <system-out><![CDATA[Request method:	POST
Request URI:	https://api.spotify.com/v1/users/31zth34d7jud5yno2bg2tdsrsp64/playlists
Proxy:			<none>
Request params:	<none>
Query params:	<none>
Form params:	<none>
Path params:	<none>
Headers:		Authorization=Bearer BQBDwi5Sm-9Cjc8xxreFSCevG6xI1LlfEkkRALzW3W_9k7SORxb47H7PUJEubTMnlT4JycX9Jp4p40u_RsDCAiQqOKL0iyepCtwpAzLRx_tOPnxnKQuvOpppD-7IF-fHvW_kjAapW1UGbvpQanSgAu-uvhOYxAs5HLUmYbGE1OzqwbBQvDDS3OBtYDm_lio0JpqlwceJwstiwsp8QHzBaT0n-17bUG0ZFmlOfWefPVcsnoAiYk6uq6Ysy9KIiEp9-VOn94LuRCKX5u50
				Accept=*/*
				Content-Type=application/json
Cookies:		<none>
Multiparts:		<none>
Body:
{
    "description": "content new 3 new change for allure test with req-res data",
    "name": "16 aug new test 3 new change for allure test with req-res data",
    "public": false
}
HTTP/1.1 201 Created
content-type: application/json; charset=utf-8
cache-control: private, max-age=0
location: https://api.spotify.com/v1/playlists/05mFp0OVnGlmOzpLbbXnuR
x-robots-tag: noindex, nofollow
access-control-allow-origin: *
access-control-allow-headers: Accept, App-Platform, Authorization, Content-Type, Origin, Retry-After, Spotify-App-Version, X-Cloud-Trace-Context, client-token, content-access-token
access-control-allow-methods: GET, POST, OPTIONS, PUT, DELETE, PATCH
access-control-allow-credentials: true
access-control-max-age: 604800
content-encoding: gzip
strict-transport-security: max-age=31536000
x-content-type-options: nosniff
date: Sat, 19 Aug 2023 15:56:38 GMT
server: envoy
Via: HTTP/2 edgeproxy, 1.1 google
Alt-Svc: h3=":443"; ma=2592000,h3-29=":443"; ma=2592000
Transfer-Encoding: chunked

{
    "collaborative": false,
    "description": "content new 3 new change for allure test with req-res data",
    "external_urls": {
        "spotify": "https://open.spotify.com/playlist/05mFp0OVnGlmOzpLbbXnuR"
    },
    "followers": {
        "href": null,
        "total": 0
    },
    "href": "https://api.spotify.com/v1/playlists/05mFp0OVnGlmOzpLbbXnuR",
    "id": "05mFp0OVnGlmOzpLbbXnuR",
    "images": [
        
    ],
    "name": "16 aug new test 3 new change for allure test with req-res data",
    "owner": {
        "display_name": "Pravin Lavate",
        "external_urls": {
            "spotify": "https://open.spotify.com/user/31zth34d7jud5yno2bg2tdsrsp64"
        },
        "href": "https://api.spotify.com/v1/users/31zth34d7jud5yno2bg2tdsrsp64",
        "id": "31zth34d7jud5yno2bg2tdsrsp64",
        "type": "user",
        "uri": "spotify:user:31zth34d7jud5yno2bg2tdsrsp64"
    },
    "primary_color": null,
    "public": false,
    "snapshot_id": "MSxlMmQ4NGQzYzFlZTdjNTFiNDA0ZDU0MTQ4OWZhMjhjYjU0M2ExZmUz",
    "tracks": {
        "href": "https://api.spotify.com/v1/playlists/05mFp0OVnGlmOzpLbbXnuR/tracks",
        "items": [
            
        ],
        "limit": 100,
        "next": null,
        "offset": 0,
        "previous": null,
        "total": 0
    },
    "type": "playlist",
    "uri": "spotify:playlist:05mFp0OVnGlmOzpLbbXnuR"
}
]]></system-out>
    <system-err><![CDATA[SLF4J: Failed to load class "org.slf4j.impl.StaticLoggerBinder".
SLF4J: Defaulting to no-operation (NOP) logger implementation
SLF4J: See http://www.slf4j.org/codes.html#StaticLoggerBinder for further details.
]]></system-err>
  </testcase>
  <testcase name="GET_api_playlist" classname="com.spotify.test.PLAYLIST_REUSABLE_CALL" time="0.5">
    <system-out><![CDATA[Request method:	GET
Request URI:	https://api.spotify.com/v1/playlists/05mFp0OVnGlmOzpLbbXnuR
Proxy:			<none>
Request params:	<none>
Query params:	<none>
Form params:	<none>
Path params:	pID=05mFp0OVnGlmOzpLbbXnuR
Headers:		Authorization=Bearer BQAJcsPu_Gz30wCu-ecYK_SOJkPKVzIAuU58TYQ1IDydj7wRmbdkHk1ypC6HieCAgPCIUfsouAVLPTLALpVVHguL5OU5E9vkYXaloxSxmTiLPnYNUgq9AH1apIej26Zttyz0Bj3ZuUZRVzRWk0SRsIdSglA-7Ur1wtXq6J8LmEnCIP57tpCWbCQk-ux_twK5x2QcZ0MuswYiFFg2p14KtCJ-yvwq4JbYyO44cr3NmZutJS-YHupP-qOcsPA9uHTc93DMwl6Leg-pTR_i
				Accept=*/*
				Content-Type=application/json
Cookies:		<none>
Multiparts:		<none>
Body:			<none>
HTTP/1.1 200 OK
content-type: application/json; charset=utf-8
cache-control: public, max-age=0
etag: "MC-Ijc3OTlmYWNhNWFlYWM3N2I5NTM2YmQ2MWVlZTNhMmJmIg=="
x-robots-tag: noindex, nofollow
access-control-allow-origin: *
access-control-allow-headers: Accept, App-Platform, Authorization, Content-Type, Origin, Retry-After, Spotify-App-Version, X-Cloud-Trace-Context, client-token, content-access-token
access-control-allow-methods: GET, POST, OPTIONS, PUT, DELETE, PATCH
access-control-allow-credentials: true
access-control-max-age: 604800
content-encoding: gzip
strict-transport-security: max-age=31536000
x-content-type-options: nosniff
date: Sat, 19 Aug 2023 15:56:38 GMT
server: envoy
Via: HTTP/2 edgeproxy, 1.1 google
Alt-Svc: h3=":443"; ma=2592000,h3-29=":443"; ma=2592000
Transfer-Encoding: chunked

{
    "collaborative": false,
    "description": "content new 3 new change for allure test with req-res data",
    "external_urls": {
        "spotify": "https://open.spotify.com/playlist/05mFp0OVnGlmOzpLbbXnuR"
    },
    "followers": {
        "href": null,
        "total": 0
    },
    "href": "https://api.spotify.com/v1/playlists/05mFp0OVnGlmOzpLbbXnuR",
    "id": "05mFp0OVnGlmOzpLbbXnuR",
    "images": [
        
    ],
    "name": "16 aug new test 3 new change for allure test with req-res data",
    "owner": {
        "display_name": "Pravin Lavate",
        "external_urls": {
            "spotify": "https://open.spotify.com/user/31zth34d7jud5yno2bg2tdsrsp64"
        },
        "href": "https://api.spotify.com/v1/users/31zth34d7jud5yno2bg2tdsrsp64",
        "id": "31zth34d7jud5yno2bg2tdsrsp64",
        "type": "user",
        "uri": "spotify:user:31zth34d7jud5yno2bg2tdsrsp64"
    },
    "primary_color": null,
    "public": false,
    "snapshot_id": "Miw4NmEwNGQ2M2NhNjBkYTdjMDM4ODYyNTE4Mzc5N2NlNmNiYzZlOGRl",
    "tracks": {
        "href": "https://api.spotify.com/v1/playlists/05mFp0OVnGlmOzpLbbXnuR/tracks?offset=0&limit=100",
        "items": [
            
        ],
        "limit": 100,
        "next": null,
        "offset": 0,
        "previous": null,
        "total": 0
    },
    "type": "playlist",
    "uri": "spotify:playlist:05mFp0OVnGlmOzpLbbXnuR"
}
content new 3 new change for allure test with req-res data
]]></system-out>
  </testcase>
  <testcase name="put_method" classname="com.spotify.test.PLAYLIST_REUSABLE_CALL" time="0.546">
    <system-out><![CDATA[Request method:	PUT
Request URI:	https://api.spotify.com/v1/playlists/05mFp0OVnGlmOzpLbbXnuR
Proxy:			<none>
Request params:	<none>
Query params:	<none>
Form params:	<none>
Path params:	<none>
Headers:		Authorization=Bearer BQBdRrZcwkvof6ao5D48fv1JjaEEDDvnM1DmvxpV2QTFsrIeVU9qZxzPZwzSqwZQeG0jCxxhP9jbH7u90Xk-AoPIzHEhR2dLrYKWIJENAnGXQi3l3Sjcx3P89-pPV5rVtW3nP4bjAtgLwLa1wYs0vsyDg1CtKa_gadX3wzG4vUoivyLXytf1Nj0ZsxaBStAW2SX8he3gVSJGhhjQnFerhVydgwCzy2586OOpD4ikKwA9RoO_Yw1a5lDsuTytiVA-S-uG4n9sl1R5qycj
				Accept=*/*
				Content-Type=application/json
Cookies:		<none>
Multiparts:		<none>
Body:
{
    "description": "content new 3 new change for allure test with req-res data",
    "name": "16 aug new test 3 new change for allure test with req-res dataupdated playlist data",
    "public": false
}
HTTP/1.1 200 OK
cache-control: private, max-age=0
x-robots-tag: noindex, nofollow
access-control-allow-origin: *
access-control-allow-headers: Accept, App-Platform, Authorization, Content-Type, Origin, Retry-After, Spotify-App-Version, X-Cloud-Trace-Context, client-token, content-access-token
access-control-allow-methods: GET, POST, OPTIONS, PUT, DELETE, PATCH
access-control-allow-credentials: true
access-control-max-age: 604800
Content-Length: 0
strict-transport-security: max-age=31536000
x-content-type-options: nosniff
date: Sat, 19 Aug 2023 15:56:39 GMT
server: envoy
Via: HTTP/2 edgeproxy, 1.1 google
Alt-Svc: h3=":443"; ma=2592000,h3-29=":443"; ma=2592000
]]></system-out>
  </testcase>
  <testcase name="should_not_be_authrozied" classname="com.spotify.test.PLAYLIST_REUSABLE_CALL" time="0.195">
    <system-out><![CDATA[Request method:	POST
Request URI:	https://api.spotify.com/v1/users/31zth34d7jud5yno2bg2tdsrsp64/playlists
Proxy:			<none>
Request params:	<none>
Query params:	<none>
Form params:	<none>
Path params:	<none>
Headers:		Authorization=Bearer expiredtokenwrwrwrg
				Accept=*/*
				Content-Type=application/json
Cookies:		<none>
Multiparts:		<none>
Body:
{
    "description": "palyloist 15 aug",
    "name": "15 aug independeance playlist",
    "public": false
}
HTTP/1.1 401 Unauthorized
www-authenticate: Bearer realm="spotify", error="invalid_token", error_description="Invalid access token"
access-control-allow-origin: *
access-control-allow-headers: Accept, App-Platform, Authorization, Content-Type, Origin, Retry-After, Spotify-App-Version, X-Cloud-Trace-Context, client-token, content-access-token
access-control-allow-methods: GET, POST, OPTIONS, PUT, DELETE, PATCH
access-control-allow-credentials: true
access-control-max-age: 604800
content-type: application/json
content-encoding: gzip
strict-transport-security: max-age=31536000
x-content-type-options: nosniff
date: Sat, 19 Aug 2023 15:56:39 GMT
server: envoy
Via: HTTP/2 edgeproxy, 1.1 google
Alt-Svc: h3=":443"; ma=2592000,h3-29=":443"; ma=2592000
Transfer-Encoding: chunked

{
    "error": {
        "status": 401,
        "message": "Invalid access token"
    }
}
]]></system-out>
  </testcase>
</testsuite>