<?xml version="1.0" encoding="UTF-8"?>
<!-- Generated by org.testng.reporters.JUnitReportReporter -->
<testsuite hostname="Pravin" failures="0" tests="4" name="com.spotify.test.PLAYLIST_REUSABLE_CALL" time="14.521" errors="0" timestamp="2023-12-29T21:39:44 IST" skipped="0">
  <testcase classname="com.spotify.test.PLAYLIST_REUSABLE_CALL" name="CreatePlaylist" time="12.818"/>
  <system-out/>
  <testcase classname="com.spotify.test.PLAYLIST_REUSABLE_CALL" name="GET_api_playlist" time="0.729"/>
  <system-out/>
  <testcase classname="com.spotify.test.PLAYLIST_REUSABLE_CALL" name="put_method" time="0.688"/>
  <system-out/>
  <testcase classname="com.spotify.test.PLAYLIST_REUSABLE_CALL" name="should_not_be_authrozied" time="0.286"/>
  <system-out/>
</testsuite> <!-- com.spotify.test.PLAYLIST_REUSABLE_CALL -->
